<?xml version="1.0" encoding="UTF-8"?>
<!-- Generated by org.testng.reporters.JUnitReportReporter -->
<testsuite skipped="0" hostname="ISW-GSTQA-MA" name="tests.RegistrationTests" tests="3" failures="0" timestamp="2020-02-03T16:15:06 WAT" time="55.543" errors="0">
  <testcase name="testRegisterWithExistingEmail" time="30.965" classname="tests.RegistrationTests"/>
  <testcase name="testRegisterWithExistingUsername" time="8.476" classname="tests.RegistrationTests"/>
  <testcase name="testRegisterSuccessfully" time="16.102" classname="tests.RegistrationTests"/>
</testsuite> <!-- tests.RegistrationTests -->
