<?xml version="1.0" encoding="UTF-8"?>
<!-- Generated by org.testng.reporters.JUnitReportReporter -->
<testsuite skipped="0" hostname="ISW-GSTQA-MA" name="tests.loginTests" tests="3" failures="0" timestamp="2020-02-03T18:23:01 WAT" time="36.193" errors="0">
  <testcase name="testLoginWithInvalidUsername" time="14.189" classname="tests.loginTests"/>
  <testcase name="testLoginWithInvalidPassword" time="5.887" classname="tests.loginTests"/>
  <testcase name="testLoginSuccessfully" time="16.117" classname="tests.loginTests"/>
</testsuite> <!-- tests.loginTests -->
