<?xml version="1.0" encoding="UTF-8"?>
<!-- Generated by org.testng.reporters.JUnitReportReporter -->
<testsuite skipped="0" hostname="ISW-GSTQA-MA" name="tests.loginTests" tests="3" failures="0" timestamp="2020-02-13T10:01:53 WAT" time="77.517" errors="0">
  <testcase name="testLoginWithInvalidUsername" time="33.773" classname="tests.loginTests"/>
  <testcase name="testLoginWithInvalidPassword" time="11.202" classname="tests.loginTests"/>
  <testcase name="testLoginSuccessfully" time="32.542" classname="tests.loginTests"/>
</testsuite> <!-- tests.loginTests -->
