<?xml version="1.0" encoding="UTF-8"?>
<!-- Generated by org.testng.reporters.JUnitReportReporter -->
<testsuite skipped="0" hostname="ISW-GSTQA-MA" name="tests.RegistrationTests" tests="3" failures="0" timestamp="2020-02-03T16:22:25 WAT" time="46.748" errors="0">
  <testcase name="testRegisterWithExistingEmail" time="17.967" classname="tests.RegistrationTests"/>
  <testcase name="testRegisterWithExistingUsername" time="8.974" classname="tests.RegistrationTests"/>
  <testcase name="testRegisterSuccessfully" time="19.807" classname="tests.RegistrationTests"/>
</testsuite> <!-- tests.RegistrationTests -->
