<?xml version="1.0" encoding="UTF-8"?>
<!-- Generated by org.testng.reporters.JUnitReportReporter -->
<testsuite skipped="0" hostname="ISW-GSTQA-MA" name="tests.RegistrationTests" tests="3" failures="0" timestamp="2020-02-07T20:00:31 WAT" time="63.405" errors="0">
  <testcase name="testRegisterWithExistingEmail" time="32.036" classname="tests.RegistrationTests"/>
  <testcase name="testRegisterWithExistingUsername" time="6.788" classname="tests.RegistrationTests"/>
  <testcase name="testRegisterSuccessfully" time="24.581" classname="tests.RegistrationTests"/>
</testsuite> <!-- tests.RegistrationTests -->
