<?xml version="1.0" encoding="UTF-8"?>
<!-- Generated by org.testng.reporters.JUnitReportReporter -->
<testsuite skipped="0" hostname="ISW-GSTQA-MA" name="tests.loginTests" tests="3" failures="0" timestamp="2020-02-03T16:22:25 WAT" time="40.451" errors="0">
  <testcase name="testLoginWithInvalidUsername" time="15.184" classname="tests.loginTests"/>
  <testcase name="testLoginWithInvalidPassword" time="8.075" classname="tests.loginTests"/>
  <testcase name="testLoginSuccessfully" time="17.192" classname="tests.loginTests"/>
</testsuite> <!-- tests.loginTests -->
