<?xml version="1.0" encoding="UTF-8"?>
<!-- Generated by org.testng.reporters.JUnitReportReporter -->
<testsuite skipped="0" hostname="ISW-GSTQA-MA" name="tests.loginTests" tests="3" failures="0" timestamp="2020-02-02T12:41:00 WAT" time="56.079" errors="0">
  <testcase name="testLoginWithInvalidUsername" time="32.515" classname="tests.loginTests"/>
  <testcase name="testLoginWithInvalidPassword" time="7.297" classname="tests.loginTests"/>
  <testcase name="testLoginSuccessfully" time="16.267" classname="tests.loginTests"/>
</testsuite> <!-- tests.loginTests -->
